Load environment configuration
(node:1372) Warning: Accessing non-existent property 'MongoError' of module exports inside circular dependency
(Use `node --trace-warnings ...` to show where the warning was created)
RTS version v1.8.12 running at http://localhost:8091
Error authenticating AxiosError: connect ECONNREFUSED 127.0.0.1:8080
    at Function.AxiosError.from (/opt/appsmith/rts/node_modules/axios/dist/node/axios.cjs:785:14)
    at RedirectableRequest.handleRequestError (/opt/appsmith/rts/node_modules/axios/dist/node/axios.cjs:2725:25)
    at RedirectableRequest.emit (events.js:400:28)
    at ClientRequest.eventHandlers.<computed> (/opt/appsmith/rts/node_modules/follow-redirects/index.js:14:24)
    at ClientRequest.emit (events.js:400:28)
    at Socket.socketErrorListener (_http_client.js:475:9)
    at Socket.emit (events.js:400:28)
    at emitErrorNT (internal/streams/destroy.js:106:8)
    at emitErrorCloseNT (internal/streams/destroy.js:74:3)
    at processTicksAndRejections (internal/process/task_queues.js:82:21) {
  port: 8080,
  address: '127.0.0.1',
  syscall: 'connect',
  code: 'ECONNREFUSED',
  errno: -111,
  config: {
    transitional: {
      silentJSONParsing: true,
      forcedJSONParsing: true,
      clarifyTimeoutError: false
    },
    adapter: [ 'xhr', 'http' ],
    transformRequest: [ [Function: transformRequest] ],
    transformResponse: [ [Function: transformResponse] ],
    timeout: 0,
    xsrfCookieName: 'XSRF-TOKEN',
    xsrfHeaderName: 'X-XSRF-TOKEN',
    maxContentLength: -1,
    maxBodyLength: -1,
    env: { FormData: [Function], Blob: null },
    validateStatus: [Function: validateStatus],
    headers: AxiosHeaders {
      Accept: 'application/json, text/plain, */*',
      Cookie: 'SESSION=e012b3a8-cc7e-4a83-a3aa-2777df55bc9c',
      'User-Agent': 'axios/1.2.0',
      'Accept-Encoding': 'gzip, deflate, br'
    },
    method: 'get',
    url: 'http://localhost:8080/api/v1/users/me',
    data: undefined
  },
  request: <ref *1> Writable {
    _writableState: WritableState {
      objectMode: false,
      highWaterMark: 16384,
      finalCalled: false,
      needDrain: false,
      ending: false,
      ended: false,
      finished: false,
      destroyed: false,
      decodeStrings: true,
      defaultEncoding: 'utf8',
      length: 0,
      writing: false,
      corked: 0,
      sync: true,
      bufferProcessing: false,
      onwrite: [Function: bound onwrite],
      writecb: null,
      writelen: 0,
      afterWriteTickInfo: null,
      buffered: [],
      bufferedIndex: 0,
      allBuffers: true,
      allNoop: true,
      pendingcb: 0,
      prefinished: false,
      errorEmitted: false,
      emitClose: true,
      autoDestroy: true,
      errored: null,
      closed: false
    },
    _events: [Object: null prototype] {
      response: [Function: handleResponse],
      error: [Function: handleRequestError],
      socket: [Function: handleRequestSocket]
    },
    _eventsCount: 3,
    _maxListeners: undefined,
    _options: {
      maxRedirects: 21,
      maxBodyLength: Infinity,
      protocol: 'http:',
      path: '/api/v1/users/me',
      method: 'GET',
      headers: [Object: null prototype],
      agents: [Object],
      auth: undefined,
      beforeRedirect: [Function: dispatchBeforeRedirect],
      beforeRedirects: [Object],
      hostname: 'localhost',
      port: '8080',
      agent: undefined,
      nativeProtocols: [Object],
      pathname: '/api/v1/users/me'
    },
    _ended: true,
    _ending: true,
    _redirectCount: 0,
    _redirects: [],
    _requestBodyLength: 0,
    _requestBodyBuffers: [],
    _onNativeResponse: [Function (anonymous)],
    _currentRequest: ClientRequest {
      _events: [Object: null prototype],
      _eventsCount: 7,
      _maxListeners: undefined,
      outputData: [],
      outputSize: 0,
      writable: true,
      destroyed: false,
      _last: true,
      chunkedEncoding: false,
      shouldKeepAlive: false,
      _defaultKeepAlive: true,
      useChunkedEncodingByDefault: false,
      sendDate: false,
      _removedConnection: false,
      _removedContLen: false,
      _removedTE: false,
      _contentLength: 0,
      _hasBody: true,
      _trailer: '',
      finished: true,
      _headerSent: true,
      socket: [Socket],
      _header: 'GET /api/v1/users/me HTTP/1.1\r\n' +
        'Accept: application/json, text/plain, */*\r\n' +
        'Cookie: SESSION=e012b3a8-cc7e-4a83-a3aa-2777df55bc9c\r\n' +
        'User-Agent: axios/1.2.0\r\n' +
        'Accept-Encoding: gzip, deflate, br\r\n' +
        'Host: localhost:8080\r\n' +
        'Connection: close\r\n' +
        '\r\n',
      _keepAliveTimeout: 0,
      _onPendingData: [Function: noopPendingOutput],
      agent: [Agent],
      socketPath: undefined,
      method: 'GET',
      maxHeaderSize: undefined,
      insecureHTTPParser: undefined,
      path: '/api/v1/users/me',
      _ended: false,
      res: null,
      aborted: false,
      timeoutCb: null,
      upgradeOrConnect: false,
      parser: null,
      maxHeadersCount: null,
      reusedSocket: false,
      host: 'localhost',
      protocol: 'http:',
      _redirectable: [Circular *1],
      [Symbol(kCapture)]: false,
      [Symbol(kNeedDrain)]: false,
      [Symbol(corked)]: 0,
      [Symbol(kOutHeaders)]: [Object: null prototype]
    },
    _currentUrl: 'http://localhost:8080/api/v1/users/me',
    [Symbol(kCapture)]: false
  },
  cause: Error: connect ECONNREFUSED 127.0.0.1:8080
      at TCPConnectWrap.afterConnect [as oncomplete] (net.js:1159:16) {
    errno: -111,
    code: 'ECONNREFUSED',
    syscall: 'connect',
    address: '127.0.0.1',
    port: 8080
  }
}
ns:/# socket 93i6xW11xtul4UYyAAAB joined the room app:639954c7b194073323d2207a
Error authenticating AxiosError: connect ECONNREFUSED 127.0.0.1:8080
    at Function.AxiosError.from (/opt/appsmith/rts/node_modules/axios/dist/node/axios.cjs:785:14)
    at RedirectableRequest.handleRequestError (/opt/appsmith/rts/node_modules/axios/dist/node/axios.cjs:2725:25)
    at RedirectableRequest.emit (events.js:400:28)
    at ClientRequest.eventHandlers.<computed> (/opt/appsmith/rts/node_modules/follow-redirects/index.js:14:24)
    at ClientRequest.emit (events.js:400:28)
    at Socket.socketErrorListener (_http_client.js:475:9)
    at Socket.emit (events.js:400:28)
    at emitErrorNT (internal/streams/destroy.js:106:8)
    at emitErrorCloseNT (internal/streams/destroy.js:74:3)
    at processTicksAndRejections (internal/process/task_queues.js:82:21) {
  port: 8080,
  address: '127.0.0.1',
  syscall: 'connect',
  code: 'ECONNREFUSED',
  errno: -111,
  config: {
    transitional: {
      silentJSONParsing: true,
      forcedJSONParsing: true,
      clarifyTimeoutError: false
    },
    adapter: [ 'xhr', 'http' ],
    transformRequest: [ [Function: transformRequest] ],
    transformResponse: [ [Function: transformResponse] ],
    timeout: 0,
    xsrfCookieName: 'XSRF-TOKEN',
    xsrfHeaderName: 'X-XSRF-TOKEN',
    maxContentLength: -1,
    maxBodyLength: -1,
    env: { FormData: [Function], Blob: null },
    validateStatus: [Function: validateStatus],
    headers: AxiosHeaders {
      Accept: 'application/json, text/plain, */*',
      Cookie: 'SESSION=e012b3a8-cc7e-4a83-a3aa-2777df55bc9c',
      'User-Agent': 'axios/1.2.0',
      'Accept-Encoding': 'gzip, deflate, br'
    },
    method: 'get',
    url: 'http://localhost:8080/api/v1/users/me',
    data: undefined
  },
  request: <ref *1> Writable {
    _writableState: WritableState {
      objectMode: false,
      highWaterMark: 16384,
      finalCalled: false,
      needDrain: false,
      ending: false,
      ended: false,
      finished: false,
      destroyed: false,
      decodeStrings: true,
      defaultEncoding: 'utf8',
      length: 0,
      writing: false,
      corked: 0,
      sync: true,
      bufferProcessing: false,
      onwrite: [Function: bound onwrite],
      writecb: null,
      writelen: 0,
      afterWriteTickInfo: null,
      buffered: [],
      bufferedIndex: 0,
      allBuffers: true,
      allNoop: true,
      pendingcb: 0,
      prefinished: false,
      errorEmitted: false,
      emitClose: true,
      autoDestroy: true,
      errored: null,
      closed: false
    },
    _events: [Object: null prototype] {
      response: [Function: handleResponse],
      error: [Function: handleRequestError],
      socket: [Function: handleRequestSocket]
    },
    _eventsCount: 3,
    _maxListeners: undefined,
    _options: {
      maxRedirects: 21,
      maxBodyLength: Infinity,
      protocol: 'http:',
      path: '/api/v1/users/me',
      method: 'GET',
      headers: [Object: null prototype],
      agents: [Object],
      auth: undefined,
      beforeRedirect: [Function: dispatchBeforeRedirect],
      beforeRedirects: [Object],
      hostname: 'localhost',
      port: '8080',
      agent: undefined,
      nativeProtocols: [Object],
      pathname: '/api/v1/users/me'
    },
    _ended: true,
    _ending: true,
    _redirectCount: 0,
    _redirects: [],
    _requestBodyLength: 0,
    _requestBodyBuffers: [],
    _onNativeResponse: [Function (anonymous)],
    _currentRequest: ClientRequest {
      _events: [Object: null prototype],
      _eventsCount: 7,
      _maxListeners: undefined,
      outputData: [],
      outputSize: 0,
      writable: true,
      destroyed: false,
      _last: true,
      chunkedEncoding: false,
      shouldKeepAlive: false,
      _defaultKeepAlive: true,
      useChunkedEncodingByDefault: false,
      sendDate: false,
      _removedConnection: false,
      _removedContLen: false,
      _removedTE: false,
      _contentLength: 0,
      _hasBody: true,
      _trailer: '',
      finished: true,
      _headerSent: true,
      socket: [Socket],
      _header: 'GET /api/v1/users/me HTTP/1.1\r\n' +
        'Accept: application/json, text/plain, */*\r\n' +
        'Cookie: SESSION=e012b3a8-cc7e-4a83-a3aa-2777df55bc9c\r\n' +
        'User-Agent: axios/1.2.0\r\n' +
        'Accept-Encoding: gzip, deflate, br\r\n' +
        'Host: localhost:8080\r\n' +
        'Connection: close\r\n' +
        '\r\n',
      _keepAliveTimeout: 0,
      _onPendingData: [Function: noopPendingOutput],
      agent: [Agent],
      socketPath: undefined,
      method: 'GET',
      maxHeaderSize: undefined,
      insecureHTTPParser: undefined,
      path: '/api/v1/users/me',
      _ended: false,
      res: null,
      aborted: false,
      timeoutCb: null,
      upgradeOrConnect: false,
      parser: null,
      maxHeadersCount: null,
      reusedSocket: false,
      host: 'localhost',
      protocol: 'http:',
      _redirectable: [Circular *1],
      [Symbol(kCapture)]: false,
      [Symbol(kNeedDrain)]: false,
      [Symbol(corked)]: 0,
      [Symbol(kOutHeaders)]: [Object: null prototype]
    },
    _currentUrl: 'http://localhost:8080/api/v1/users/me',
    [Symbol(kCapture)]: false
  },
  cause: Error: connect ECONNREFUSED 127.0.0.1:8080
      at TCPConnectWrap.afterConnect [as oncomplete] (net.js:1159:16) {
    errno: -111,
    code: 'ECONNREFUSED',
    syscall: 'connect',
    address: '127.0.0.1',
    port: 8080
  }
}
Watching MongoDB
GET / 302 33 - 4.989 ms
GET /rts-api/v1/health-check 200 16 - 3.640 ms
GET / 302 33 - 0.706 ms
ns:/# socket 93i6xW11xtul4UYyAAAB left the room app:639954c7b194073323d2207a
GET / 302 33 - 0.721 ms
GET / 302 33 - 0.514 ms
GET / 302 33 - 0.537 ms
ns:/page/edit# socket 86-TBhXFJPISPlF2AAAR joined the room page:639954c7b194073323d2208e
ns:/# socket UmqzipYs4OeSrYLxAAAQ joined the room app:639954c7b194073323d2207a
ns:/# socket UmqzipYs4OeSrYLxAAAQ left the room app:639954c7b194073323d2207a
ns:/# socket UmqzipYs4OeSrYLxAAAQ joined the room app:639954c7b194073323d2207a
GET / 302 33 - 0.821 ms
ns:/page/edit # socket 86-TBhXFJPISPlF2AAAR left the room page:639954c7b194073323d2208e
ns:/page/edit# socket 86-TBhXFJPISPlF2AAAR joined the room page:639954c7b194073323d22087
ns:/# socket UmqzipYs4OeSrYLxAAAQ left the room app:639954c7b194073323d2207a
ns:/# socket UmqzipYs4OeSrYLxAAAQ joined the room app:639954c7b194073323d2207a
GET / 302 33 - 1.534 ms
ns:/page/edit # socket 86-TBhXFJPISPlF2AAAR left the room page:639954c7b194073323d22087
ns:/page/edit# socket 86-TBhXFJPISPlF2AAAR joined the room page:639954c7b194073323d2208c
ns:/# socket UmqzipYs4OeSrYLxAAAQ left the room app:639954c7b194073323d2207a
ns:/# socket UmqzipYs4OeSrYLxAAAQ joined the room app:639954c7b194073323d2207a
ns:/page/edit # socket 86-TBhXFJPISPlF2AAAR left the room page:639954c7b194073323d2208c
ns:/page/edit# socket 86-TBhXFJPISPlF2AAAR joined the room page:639954c7b194073323d2208e
ns:/# socket UmqzipYs4OeSrYLxAAAQ left the room app:639954c7b194073323d2207a
ns:/# socket UmqzipYs4OeSrYLxAAAQ joined the room app:639954c7b194073323d2207a
GET / 302 33 - 0.780 ms
GET / 302 33 - 0.588 ms
GET / 302 33 - 0.601 ms
GET / 302 33 - 0.442 ms
GET / 302 33 - 1.150 ms
GET / 302 33 - 0.520 ms
GET / 302 33 - 0.626 ms
ns:/# socket UmqzipYs4OeSrYLxAAAQ left the room app:639954c7b194073323d2207a
ns:/page/edit # socket 86-TBhXFJPISPlF2AAAR left the room page:639954c7b194073323d2208e
Load environment configuration
(node:1371) Warning: Accessing non-existent property 'MongoError' of module exports inside circular dependency
(Use `node --trace-warnings ...` to show where the warning was created)
RTS version v1.8.12 running at http://localhost:8091
Watching MongoDB
GET / 302 33 - 7.306 ms
GET /rts-api/v1/health-check 200 16 - 3.700 ms
GET / 302 33 - 0.721 ms
GET / 302 33 - 0.692 ms
ns:/page/edit# socket xieIHY1ODy3r0gcrAAAC joined the room page:639954c7b194073323d2208e
ns:/# socket sfB4LGkYvxM_i4dTAAAB joined the room app:639954c7b194073323d2207a
ns:/# socket sfB4LGkYvxM_i4dTAAAB left the room app:639954c7b194073323d2207a
ns:/# socket sfB4LGkYvxM_i4dTAAAB joined the room app:639954c7b194073323d2207a
ns:/page/edit # socket xieIHY1ODy3r0gcrAAAC left the room page:639954c7b194073323d2208e
ns:/page/edit# socket xieIHY1ODy3r0gcrAAAC joined the room page:639954c7b194073323d22087
ns:/# socket sfB4LGkYvxM_i4dTAAAB left the room app:639954c7b194073323d2207a
ns:/# socket sfB4LGkYvxM_i4dTAAAB joined the room app:639954c7b194073323d2207a
GET / 302 33 - 0.707 ms
GET / 302 33 - 0.502 ms
ns:/page/edit # socket xieIHY1ODy3r0gcrAAAC left the room page:639954c7b194073323d22087
ns:/page/edit# socket xieIHY1ODy3r0gcrAAAC joined the room page:639954c7b194073323d2208c
ns:/# socket sfB4LGkYvxM_i4dTAAAB left the room app:639954c7b194073323d2207a
ns:/# socket sfB4LGkYvxM_i4dTAAAB joined the room app:639954c7b194073323d2207a
GET / 302 33 - 0.775 ms
ns:/page/edit # socket xieIHY1ODy3r0gcrAAAC left the room page:639954c7b194073323d2208c
ns:/page/edit# socket xieIHY1ODy3r0gcrAAAC joined the room page:639954c7b194073323d22087
ns:/# socket sfB4LGkYvxM_i4dTAAAB left the room app:639954c7b194073323d2207a
ns:/# socket sfB4LGkYvxM_i4dTAAAB joined the room app:639954c7b194073323d2207a
ns:/page/edit # socket xieIHY1ODy3r0gcrAAAC left the room page:639954c7b194073323d22087
ns:/page/edit# socket xieIHY1ODy3r0gcrAAAC joined the room page:639954c7b194073323d2208c
ns:/# socket sfB4LGkYvxM_i4dTAAAB left the room app:639954c7b194073323d2207a
ns:/# socket sfB4LGkYvxM_i4dTAAAB joined the room app:639954c7b194073323d2207a
GET / 302 33 - 0.480 ms
GET / 302 33 - 0.502 ms
GET / 302 33 - 0.536 ms
GET / 302 33 - 0.663 ms
ns:/# socket sfB4LGkYvxM_i4dTAAAB left the room app:639954c7b194073323d2207a
ns:/page/edit # socket xieIHY1ODy3r0gcrAAAC left the room page:639954c7b194073323d2208c
ns:/# socket l3QYj_NxLsM1aevdAAAE joined the room app:639954c7b194073323d2207a
ns:/# socket l3QYj_NxLsM1aevdAAAE left the room app:639954c7b194073323d2207a
ns:/# socket l3QYj_NxLsM1aevdAAAE joined the room app:639954c7b194073323d2207a
GET / 302 33 - 0.704 ms
GET / 302 33 - 0.566 ms
ns:/page/edit# socket asd0sSIpuipR5rJoAAAF joined the room page:639954c7b194073323d2208e
ns:/# socket l3QYj_NxLsM1aevdAAAE left the room app:639954c7b194073323d2207a
ns:/# socket l3QYj_NxLsM1aevdAAAE joined the room app:639954c7b194073323d2207a
GET / 302 33 - 2.959 ms
GET / 302 33 - 0.516 ms
GET / 302 33 - 0.527 ms
GET / 302 33 - 0.491 ms
GET / 302 33 - 0.438 ms
GET / 302 33 - 0.544 ms
GET / 302 33 - 0.420 ms
GET / 302 33 - 0.423 ms
GET / 302 33 - 0.661 ms
GET / 302 33 - 0.456 ms
ns:/# socket l3QYj_NxLsM1aevdAAAE left the room app:639954c7b194073323d2207a
ns:/page/edit # socket asd0sSIpuipR5rJoAAAF left the room page:639954c7b194073323d2208e
GET / 302 33 - 0.386 ms
GET / 302 33 - 0.471 ms
GET / 302 33 - 1.708 ms
GET / 302 33 - 0.404 ms
GET / 302 33 - 0.594 ms
GET / 302 33 - 0.517 ms
GET / 302 33 - 0.658 ms
GET / 302 33 - 0.576 ms
GET / 302 33 - 0.541 ms
GET / 302 33 - 0.490 ms
GET / 302 33 - 0.448 ms
GET / 302 33 - 0.379 ms
GET / 302 33 - 0.781 ms
GET / 302 33 - 0.565 ms
GET / 302 33 - 0.546 ms
GET / 302 33 - 0.457 ms
GET / 302 33 - 0.480 ms
GET / 302 33 - 0.586 ms
GET / 302 33 - 0.722 ms
GET / 302 33 - 0.665 ms
GET / 302 33 - 0.750 ms
GET / 302 33 - 0.717 ms
GET / 302 33 - 0.583 ms
GET / 302 33 - 0.635 ms
GET / 302 33 - 0.685 ms
GET / 302 33 - 0.468 ms
ns:/# socket l3QYj_NxLsM1aevdAAAE joined the room app:639954c7b194073323d2207a
ns:/page/edit# socket asd0sSIpuipR5rJoAAAF joined the room page:639954c7b194073323d2208c
GET / 302 33 - 0.829 ms
POST /rts-api/v1/ast/multiple-script-data 200 106 - 95.798 ms
POST /rts-api/v1/ast/multiple-script-data 200 138 - 15.252 ms
POST /rts-api/v1/ast/multiple-script-data 200 121 - 6.687 ms
POST /rts-api/v1/ast/multiple-script-data 200 121 - 4.162 ms
POST /rts-api/v1/ast/multiple-script-data 200 121 - 9.412 ms
POST /rts-api/v1/ast/multiple-script-data 200 102 - 3.744 ms
POST /rts-api/v1/ast/multiple-script-data 200 104 - 14.340 ms
POST /rts-api/v1/ast/multiple-script-data 200 138 - 5.455 ms
POST /rts-api/v1/ast/multiple-script-data 200 157 - 6.911 ms
POST /rts-api/v1/ast/multiple-script-data 200 120 - 8.051 ms
POST /rts-api/v1/ast/multiple-script-data 200 138 - 5.902 ms
POST /rts-api/v1/ast/multiple-script-data 200 138 - 5.173 ms
POST /rts-api/v1/ast/multiple-script-data 200 138 - 9.029 ms
POST /rts-api/v1/ast/multiple-script-data 200 138 - 6.441 ms
POST /rts-api/v1/ast/multiple-script-data 200 138 - 7.001 ms
POST /rts-api/v1/ast/multiple-script-data 200 126 - 7.297 ms
POST /rts-api/v1/ast/multiple-script-data 200 119 - 2.204 ms
POST /rts-api/v1/ast/multiple-script-data 200 93 - 7.917 ms
POST /rts-api/v1/ast/multiple-script-data 200 120 - 3.865 ms
POST /rts-api/v1/ast/multiple-script-data 200 138 - 5.347 ms
POST /rts-api/v1/ast/multiple-script-data 200 158 - 8.271 ms
POST /rts-api/v1/ast/multiple-script-data 200 138 - 2.770 ms
POST /rts-api/v1/ast/multiple-script-data 200 138 - 6.333 ms
POST /rts-api/v1/ast/multiple-script-data 200 138 - 6.458 ms
POST /rts-api/v1/ast/multiple-script-data 200 104 - 10.842 ms
POST /rts-api/v1/ast/multiple-script-data 200 138 - 5.943 ms
POST /rts-api/v1/ast/multiple-script-data 200 122 - 2.073 ms
POST /rts-api/v1/ast/multiple-script-data 200 130 - 4.998 ms
POST /rts-api/v1/ast/multiple-script-data 200 121 - 2.976 ms
POST /rts-api/v1/ast/multiple-script-data 200 119 - 4.292 ms
POST /rts-api/v1/ast/multiple-script-data 200 130 - 2.821 ms
POST /rts-api/v1/ast/multiple-script-data 200 108 - 5.070 ms
POST /rts-api/v1/ast/multiple-script-data 200 120 - 5.019 ms
POST /rts-api/v1/ast/multiple-script-data 200 108 - 3.264 ms
POST /rts-api/v1/ast/multiple-script-data 200 120 - 2.870 ms
POST /rts-api/v1/ast/multiple-script-data 200 138 - 8.459 ms
POST /rts-api/v1/ast/multiple-script-data 200 126 - 5.401 ms
POST /rts-api/v1/ast/multiple-script-data 200 122 - 8.244 ms
POST /rts-api/v1/ast/multiple-script-data 200 108 - 1.759 ms
POST /rts-api/v1/ast/multiple-script-data 200 106 - 1.812 ms
POST /rts-api/v1/ast/multiple-script-data 200 138 - 10.414 ms
POST /rts-api/v1/ast/multiple-script-data 200 121 - 2.278 ms
POST /rts-api/v1/ast/multiple-script-data 200 121 - 3.626 ms
POST /rts-api/v1/ast/multiple-script-data 200 102 - 12.023 ms
POST /rts-api/v1/ast/multiple-script-data 200 104 - 2.059 ms
POST /rts-api/v1/ast/multiple-script-data 200 138 - 2.467 ms
POST /rts-api/v1/ast/multiple-script-data 200 120 - 1.509 ms
POST /rts-api/v1/ast/multiple-script-data 200 157 - 7.543 ms
POST /rts-api/v1/ast/multiple-script-data 200 138 - 7.274 ms
POST /rts-api/v1/ast/multiple-script-data 200 138 - 7.552 ms
POST /rts-api/v1/ast/multiple-script-data 200 138 - 7.812 ms
POST /rts-api/v1/ast/multiple-script-data 200 138 - 3.773 ms
POST /rts-api/v1/ast/multiple-script-data 200 126 - 4.748 ms
POST /rts-api/v1/ast/multiple-script-data 200 138 - 6.356 ms
POST /rts-api/v1/ast/multiple-script-data 200 119 - 17.046 ms
POST /rts-api/v1/ast/multiple-script-data 200 93 - 7.440 ms
POST /rts-api/v1/ast/multiple-script-data 200 120 - 2.892 ms
POST /rts-api/v1/ast/multiple-script-data 200 138 - 3.046 ms
POST /rts-api/v1/ast/multiple-script-data 200 138 - 3.539 ms
POST /rts-api/v1/ast/multiple-script-data 200 158 - 1.508 ms
POST /rts-api/v1/ast/multiple-script-data 200 138 - 8.812 ms
POST /rts-api/v1/ast/multiple-script-data 200 138 - 4.709 ms
POST /rts-api/v1/ast/multiple-script-data 200 104 - 5.374 ms
POST /rts-api/v1/ast/multiple-script-data 200 138 - 2.383 ms
POST /rts-api/v1/ast/multiple-script-data 200 122 - 11.509 ms
POST /rts-api/v1/ast/multiple-script-data 200 130 - 4.324 ms
POST /rts-api/v1/ast/multiple-script-data 200 130 - 6.421 ms
POST /rts-api/v1/ast/multiple-script-data 200 121 - 1.713 ms
POST /rts-api/v1/ast/multiple-script-data 200 119 - 2.741 ms
POST /rts-api/v1/ast/multiple-script-data 200 121 - 5.337 ms
POST /rts-api/v1/ast/multiple-script-data 200 120 - 2.337 ms
POST /rts-api/v1/ast/multiple-script-data 200 120 - 2.239 ms
POST /rts-api/v1/ast/multiple-script-data 200 138 - 3.862 ms
POST /rts-api/v1/ast/multiple-script-data 200 126 - 3.416 ms
POST /rts-api/v1/ast/multiple-script-data 200 122 - 5.300 ms
GET / 302 33 - 0.491 ms
POST /rts-api/v1/ast/multiple-script-data 200 106 - 3.997 ms
POST /rts-api/v1/ast/multiple-script-data 200 138 - 10.710 ms
POST /rts-api/v1/ast/multiple-script-data 200 121 - 6.953 ms
POST /rts-api/v1/ast/multiple-script-data 200 121 - 5.129 ms
POST /rts-api/v1/ast/multiple-script-data 200 102 - 6.223 ms
POST /rts-api/v1/ast/multiple-script-data 200 104 - 7.540 ms
POST /rts-api/v1/ast/multiple-script-data 200 138 - 4.990 ms
POST /rts-api/v1/ast/multiple-script-data 200 157 - 4.424 ms
POST /rts-api/v1/ast/multiple-script-data 200 120 - 1.855 ms
POST /rts-api/v1/ast/multiple-script-data 200 138 - 12.796 ms
POST /rts-api/v1/ast/multiple-script-data 200 138 - 4.057 ms
POST /rts-api/v1/ast/multiple-script-data 200 138 - 2.580 ms
POST /rts-api/v1/ast/multiple-script-data 200 138 - 5.733 ms
POST /rts-api/v1/ast/multiple-script-data 200 138 - 4.163 ms
POST /rts-api/v1/ast/multiple-script-data 200 126 - 15.972 ms
POST /rts-api/v1/ast/multiple-script-data 200 119 - 2.036 ms
POST /rts-api/v1/ast/multiple-script-data 200 120 - 4.750 ms
POST /rts-api/v1/ast/multiple-script-data 200 93 - 6.597 ms
POST /rts-api/v1/ast/multiple-script-data 200 138 - 2.939 ms
POST /rts-api/v1/ast/multiple-script-data 200 158 - 12.716 ms
POST /rts-api/v1/ast/multiple-script-data 200 138 - 5.136 ms
POST /rts-api/v1/ast/multiple-script-data 200 138 - 11.071 ms
POST /rts-api/v1/ast/multiple-script-data 200 138 - 2.403 ms
POST /rts-api/v1/ast/multiple-script-data 200 104 - 7.582 ms
POST /rts-api/v1/ast/multiple-script-data 200 138 - 4.688 ms
POST /rts-api/v1/ast/multiple-script-data 200 122 - 7.771 ms
POST /rts-api/v1/ast/multiple-script-data 200 130 - 5.054 ms
POST /rts-api/v1/ast/multiple-script-data 200 121 - 14.990 ms
POST /rts-api/v1/ast/multiple-script-data 200 119 - 2.675 ms
POST /rts-api/v1/ast/multiple-script-data 200 130 - 9.193 ms
POST /rts-api/v1/ast/multiple-script-data 200 121 - 17.067 ms
POST /rts-api/v1/ast/multiple-script-data 200 138 - 2.823 ms
POST /rts-api/v1/ast/multiple-script-data 200 120 - 17.011 ms
POST /rts-api/v1/ast/multiple-script-data 200 120 - 12.354 ms
POST /rts-api/v1/ast/multiple-script-data 200 126 - 5.686 ms
POST /rts-api/v1/ast/multiple-script-data 200 122 - 7.483 ms
POST /rts-api/v1/ast/multiple-script-data 200 108 - 1.697 ms
POST /rts-api/v1/ast/multiple-script-data 200 108 - 2.736 ms
POST /rts-api/v1/ast/multiple-script-data 200 108 - 1.918 ms
POST /rts-api/v1/ast/multiple-script-data 200 106 - 1.701 ms
POST /rts-api/v1/ast/multiple-script-data 200 138 - 5.981 ms
POST /rts-api/v1/ast/multiple-script-data 200 121 - 2.929 ms
POST /rts-api/v1/ast/multiple-script-data 200 121 - 9.411 ms
POST /rts-api/v1/ast/multiple-script-data 200 102 - 9.048 ms
POST /rts-api/v1/ast/multiple-script-data 200 104 - 4.750 ms
POST /rts-api/v1/ast/multiple-script-data 200 138 - 11.547 ms
POST /rts-api/v1/ast/multiple-script-data 200 157 - 3.252 ms
POST /rts-api/v1/ast/multiple-script-data 200 120 - 7.112 ms
POST /rts-api/v1/ast/multiple-script-data 200 138 - 2.974 ms
POST /rts-api/v1/ast/multiple-script-data 200 138 - 6.780 ms
POST /rts-api/v1/ast/multiple-script-data 200 138 - 1.606 ms
POST /rts-api/v1/ast/multiple-script-data 200 138 - 6.875 ms
POST /rts-api/v1/ast/multiple-script-data 200 138 - 5.100 ms
POST /rts-api/v1/ast/multiple-script-data 200 126 - 6.242 ms
POST /rts-api/v1/ast/multiple-script-data 200 119 - 5.332 ms
POST /rts-api/v1/ast/multiple-script-data 200 120 - 3.033 ms
POST /rts-api/v1/ast/multiple-script-data 200 93 - 6.684 ms
POST /rts-api/v1/ast/multiple-script-data 200 138 - 7.475 ms
POST /rts-api/v1/ast/multiple-script-data 200 158 - 2.494 ms
POST /rts-api/v1/ast/multiple-script-data 200 138 - 8.055 ms
POST /rts-api/v1/ast/multiple-script-data 200 138 - 2.101 ms
POST /rts-api/v1/ast/multiple-script-data 200 138 - 13.334 ms
POST /rts-api/v1/ast/multiple-script-data 200 104 - 4.947 ms
POST /rts-api/v1/ast/multiple-script-data 200 138 - 8.705 ms
POST /rts-api/v1/ast/multiple-script-data 200 130 - 9.643 ms
POST /rts-api/v1/ast/multiple-script-data 200 121 - 2.630 ms
POST /rts-api/v1/ast/multiple-script-data 200 122 - 2.143 ms
POST /rts-api/v1/ast/multiple-script-data 200 119 - 3.222 ms
POST /rts-api/v1/ast/multiple-script-data 200 130 - 3.294 ms
POST /rts-api/v1/ast/multiple-script-data 200 121 - 2.521 ms
POST /rts-api/v1/ast/multiple-script-data 200 120 - 5.257 ms
POST /rts-api/v1/ast/multiple-script-data 200 120 - 9.360 ms
POST /rts-api/v1/ast/multiple-script-data 200 122 - 3.141 ms
POST /rts-api/v1/ast/multiple-script-data 200 126 - 8.007 ms
POST /rts-api/v1/ast/multiple-script-data 200 138 - 4.782 ms
POST /rts-api/v1/ast/multiple-script-data 200 106 - 1.356 ms
POST /rts-api/v1/ast/multiple-script-data 200 138 - 11.791 ms
POST /rts-api/v1/ast/multiple-script-data 200 121 - 2.796 ms
POST /rts-api/v1/ast/multiple-script-data 200 121 - 4.559 ms
POST /rts-api/v1/ast/multiple-script-data 200 102 - 8.208 ms
POST /rts-api/v1/ast/multiple-script-data 200 138 - 3.989 ms
POST /rts-api/v1/ast/multiple-script-data 200 157 - 14.640 ms
POST /rts-api/v1/ast/multiple-script-data 200 104 - 12.504 ms
POST /rts-api/v1/ast/multiple-script-data 200 120 - 11.529 ms
POST /rts-api/v1/ast/multiple-script-data 200 138 - 5.186 ms
POST /rts-api/v1/ast/multiple-script-data 200 138 - 3.984 ms
POST /rts-api/v1/ast/multiple-script-data 200 138 - 10.160 ms
POST /rts-api/v1/ast/multiple-script-data 200 138 - 3.130 ms
POST /rts-api/v1/ast/multiple-script-data 200 138 - 2.780 ms
POST /rts-api/v1/ast/multiple-script-data 200 119 - 1.500 ms
POST /rts-api/v1/ast/multiple-script-data 200 126 - 1.981 ms
POST /rts-api/v1/ast/multiple-script-data 200 93 - 1.449 ms
POST /rts-api/v1/ast/multiple-script-data 200 120 - 3.379 ms
POST /rts-api/v1/ast/multiple-script-data 200 138 - 3.754 ms
POST /rts-api/v1/ast/multiple-script-data 200 158 - 1.672 ms
POST /rts-api/v1/ast/multiple-script-data 200 138 - 1.918 ms
POST /rts-api/v1/ast/multiple-script-data 200 138 - 7.867 ms
POST /rts-api/v1/ast/multiple-script-data 200 138 - 3.884 ms
POST /rts-api/v1/ast/multiple-script-data 200 104 - 8.878 ms
POST /rts-api/v1/ast/multiple-script-data 200 138 - 2.291 ms
POST /rts-api/v1/ast/multiple-script-data 200 122 - 14.985 ms
POST /rts-api/v1/ast/multiple-script-data 200 130 - 2.573 ms
POST /rts-api/v1/ast/multiple-script-data 200 121 - 6.937 ms
POST /rts-api/v1/ast/multiple-script-data 200 119 - 16.380 ms
POST /rts-api/v1/ast/multiple-script-data 200 130 - 4.586 ms
POST /rts-api/v1/ast/multiple-script-data 200 121 - 2.337 ms
POST /rts-api/v1/ast/multiple-script-data 200 120 - 11.829 ms
POST /rts-api/v1/ast/multiple-script-data 200 138 - 5.144 ms
POST /rts-api/v1/ast/multiple-script-data 200 120 - 2.604 ms
POST /rts-api/v1/ast/multiple-script-data 200 126 - 2.519 ms
POST /rts-api/v1/ast/multiple-script-data 200 122 - 0.940 ms
POST /rts-api/v1/ast/multiple-script-data 200 108 - 1.778 ms
POST /rts-api/v1/ast/multiple-script-data 200 108 - 2.232 ms
POST /rts-api/v1/ast/multiple-script-data 200 108 - 1.132 ms
POST /rts-api/v1/ast/multiple-script-data 200 106 - 2.383 ms
POST /rts-api/v1/ast/multiple-script-data 200 138 - 1.200 ms
POST /rts-api/v1/ast/multiple-script-data 200 121 - 5.562 ms
POST /rts-api/v1/ast/multiple-script-data 200 121 - 4.141 ms
POST /rts-api/v1/ast/multiple-script-data 200 102 - 7.132 ms
POST /rts-api/v1/ast/multiple-script-data 200 104 - 2.180 ms
POST /rts-api/v1/ast/multiple-script-data 200 138 - 2.307 ms
POST /rts-api/v1/ast/multiple-script-data 200 157 - 2.160 ms
POST /rts-api/v1/ast/multiple-script-data 200 138 - 2.155 ms
POST /rts-api/v1/ast/multiple-script-data 200 138 - 1.681 ms
POST /rts-api/v1/ast/multiple-script-data 200 120 - 1.960 ms
POST /rts-api/v1/ast/multiple-script-data 200 138 - 1.591 ms
POST /rts-api/v1/ast/multiple-script-data 200 138 - 2.845 ms
POST /rts-api/v1/ast/multiple-script-data 200 138 - 1.583 ms
POST /rts-api/v1/ast/multiple-script-data 200 126 - 1.897 ms
POST /rts-api/v1/ast/multiple-script-data 200 119 - 12.509 ms
POST /rts-api/v1/ast/multiple-script-data 200 93 - 4.393 ms
POST /rts-api/v1/ast/multiple-script-data 200 120 - 3.221 ms
POST /rts-api/v1/ast/multiple-script-data 200 138 - 2.456 ms
POST /rts-api/v1/ast/multiple-script-data 200 158 - 4.695 ms
POST /rts-api/v1/ast/multiple-script-data 200 138 - 1.299 ms
POST /rts-api/v1/ast/multiple-script-data 200 138 - 3.318 ms
POST /rts-api/v1/ast/multiple-script-data 200 138 - 4.937 ms
POST /rts-api/v1/ast/multiple-script-data 200 104 - 2.037 ms
POST /rts-api/v1/ast/multiple-script-data 200 138 - 1.358 ms
POST /rts-api/v1/ast/multiple-script-data 200 130 - 1.085 ms
POST /rts-api/v1/ast/multiple-script-data 200 122 - 4.670 ms
POST /rts-api/v1/ast/multiple-script-data 200 121 - 1.437 ms
POST /rts-api/v1/ast/multiple-script-data 200 119 - 1.831 ms
POST /rts-api/v1/ast/multiple-script-data 200 130 - 2.618 ms
POST /rts-api/v1/ast/multiple-script-data 200 121 - 2.140 ms
POST /rts-api/v1/ast/multiple-script-data 200 120 - 1.641 ms
POST /rts-api/v1/ast/multiple-script-data 200 120 - 3.177 ms
POST /rts-api/v1/ast/multiple-script-data 200 138 - 1.645 ms
POST /rts-api/v1/ast/multiple-script-data 200 126 - 2.029 ms
POST /rts-api/v1/ast/multiple-script-data 200 122 - 1.853 ms
POST /rts-api/v1/ast/multiple-script-data 200 106 - 4.245 ms
POST /rts-api/v1/ast/multiple-script-data 200 138 - 9.527 ms
POST /rts-api/v1/ast/multiple-script-data 200 121 - 3.790 ms
POST /rts-api/v1/ast/multiple-script-data 200 121 - 1.842 ms
POST /rts-api/v1/ast/multiple-script-data 200 102 - 3.112 ms
POST /rts-api/v1/ast/multiple-script-data 200 104 - 1.739 ms
POST /rts-api/v1/ast/multiple-script-data 200 138 - 3.948 ms
POST /rts-api/v1/ast/multiple-script-data 200 157 - 3.347 ms
POST /rts-api/v1/ast/multiple-script-data 200 120 - 9.839 ms
POST /rts-api/v1/ast/multiple-script-data 200 138 - 3.976 ms
POST /rts-api/v1/ast/multiple-script-data 200 138 - 2.678 ms
POST /rts-api/v1/ast/multiple-script-data 200 138 - 62.402 ms
POST /rts-api/v1/ast/multiple-script-data 200 138 - 5.839 ms
POST /rts-api/v1/ast/multiple-script-data 200 138 - 1.916 ms
POST /rts-api/v1/ast/multiple-script-data 200 119 - 26.169 ms
POST /rts-api/v1/ast/multiple-script-data 200 138 - 12.251 ms
POST /rts-api/v1/ast/multiple-script-data 200 158 - 25.106 ms
POST /rts-api/v1/ast/multiple-script-data 200 126 - 4.200 ms
POST /rts-api/v1/ast/multiple-script-data 200 138 - 2.464 ms
POST /rts-api/v1/ast/multiple-script-data 200 93 - 6.326 ms
POST /rts-api/v1/ast/multiple-script-data 200 138 - 4.715 ms
POST /rts-api/v1/ast/multiple-script-data 200 120 - 7.681 ms
POST /rts-api/v1/ast/multiple-script-data 200 138 - 8.549 ms
POST /rts-api/v1/ast/multiple-script-data 200 104 - 5.796 ms
POST /rts-api/v1/ast/multiple-script-data 200 130 - 6.930 ms
POST /rts-api/v1/ast/multiple-script-data 200 122 - 3.067 ms
POST /rts-api/v1/ast/multiple-script-data 200 119 - 10.435 ms
POST /rts-api/v1/ast/multiple-script-data 200 138 - 23.846 ms
POST /rts-api/v1/ast/multiple-script-data 200 130 - 4.019 ms
POST /rts-api/v1/ast/multiple-script-data 200 121 - 7.250 ms
POST /rts-api/v1/ast/multiple-script-data 200 126 - 2.809 ms
POST /rts-api/v1/ast/multiple-script-data 200 138 - 2.596 ms
POST /rts-api/v1/ast/multiple-script-data 200 120 - 4.379 ms
POST /rts-api/v1/ast/multiple-script-data 200 120 - 3.833 ms
POST /rts-api/v1/ast/multiple-script-data 200 121 - 10.901 ms
POST /rts-api/v1/ast/multiple-script-data 200 122 - 6.571 ms
POST /rts-api/v1/ast/multiple-script-data 200 108 - 5.151 ms
POST /rts-api/v1/ast/multiple-script-data 200 108 - 5.519 ms
POST /rts-api/v1/ast/multiple-script-data 200 108 - 2.254 ms
POST /rts-api/v1/ast/multiple-script-data 200 106 - 4.081 ms
POST /rts-api/v1/ast/multiple-script-data 200 138 - 4.913 ms
POST /rts-api/v1/ast/multiple-script-data 200 121 - 1.647 ms
POST /rts-api/v1/ast/multiple-script-data 200 121 - 2.063 ms
POST /rts-api/v1/ast/multiple-script-data 200 102 - 1.882 ms
POST /rts-api/v1/ast/multiple-script-data 200 104 - 4.390 ms
POST /rts-api/v1/ast/multiple-script-data 200 138 - 5.428 ms
POST /rts-api/v1/ast/multiple-script-data 200 157 - 6.615 ms
POST /rts-api/v1/ast/multiple-script-data 200 120 - 3.722 ms
POST /rts-api/v1/ast/multiple-script-data 200 138 - 1.771 ms
POST /rts-api/v1/ast/multiple-script-data 200 138 - 2.986 ms
POST /rts-api/v1/ast/multiple-script-data 200 138 - 8.159 ms
POST /rts-api/v1/ast/multiple-script-data 200 138 - 4.892 ms
POST /rts-api/v1/ast/multiple-script-data 200 138 - 4.134 ms
POST /rts-api/v1/ast/multiple-script-data 200 126 - 6.357 ms
POST /rts-api/v1/ast/multiple-script-data 200 119 - 11.933 ms
POST /rts-api/v1/ast/multiple-script-data 200 120 - 4.869 ms
POST /rts-api/v1/ast/multiple-script-data 200 138 - 3.069 ms
POST /rts-api/v1/ast/multiple-script-data 200 93 - 6.585 ms
POST /rts-api/v1/ast/multiple-script-data 200 158 - 6.541 ms
POST /rts-api/v1/ast/multiple-script-data 200 138 - 5.400 ms
POST /rts-api/v1/ast/multiple-script-data 200 138 - 6.499 ms
POST /rts-api/v1/ast/multiple-script-data 200 138 - 2.896 ms
POST /rts-api/v1/ast/multiple-script-data 200 104 - 5.741 ms
POST /rts-api/v1/ast/multiple-script-data 200 138 - 4.171 ms
POST /rts-api/v1/ast/multiple-script-data 200 122 - 2.360 ms
POST /rts-api/v1/ast/multiple-script-data 200 130 - 5.609 ms
POST /rts-api/v1/ast/multiple-script-data 200 121 - 2.431 ms
POST /rts-api/v1/ast/multiple-script-data 200 119 - 2.195 ms
POST /rts-api/v1/ast/multiple-script-data 200 130 - 3.162 ms
POST /rts-api/v1/ast/multiple-script-data 200 121 - 3.278 ms
POST /rts-api/v1/ast/multiple-script-data 200 120 - 3.370 ms
POST /rts-api/v1/ast/multiple-script-data 200 120 - 3.064 ms
POST /rts-api/v1/ast/multiple-script-data 200 138 - 3.620 ms
POST /rts-api/v1/ast/multiple-script-data 200 126 - 5.292 ms
POST /rts-api/v1/ast/multiple-script-data 200 122 - 3.195 ms
GET / 302 33 - 2.600 ms
POST /rts-api/v1/ast/multiple-script-data 200 106 - 2.321 ms
POST /rts-api/v1/ast/multiple-script-data 200 138 - 5.730 ms
POST /rts-api/v1/ast/multiple-script-data 200 121 - 4.534 ms
POST /rts-api/v1/ast/multiple-script-data 200 121 - 7.398 ms
POST /rts-api/v1/ast/multiple-script-data 200 102 - 4.920 ms
POST /rts-api/v1/ast/multiple-script-data 200 157 - 6.297 ms
POST /rts-api/v1/ast/multiple-script-data 200 120 - 8.349 ms
POST /rts-api/v1/ast/multiple-script-data 200 104 - 6.188 ms
POST /rts-api/v1/ast/multiple-script-data 200 138 - 7.492 ms
POST /rts-api/v1/ast/multiple-script-data 200 138 - 3.778 ms
POST /rts-api/v1/ast/multiple-script-data 200 138 - 19.604 ms
POST /rts-api/v1/ast/multiple-script-data 200 138 - 15.554 ms
POST /rts-api/v1/ast/multiple-script-data 200 138 - 11.720 ms
POST /rts-api/v1/ast/multiple-script-data 200 138 - 2.134 ms
POST /rts-api/v1/ast/multiple-script-data 200 126 - 3.229 ms
POST /rts-api/v1/ast/multiple-script-data 200 119 - 12.236 ms
POST /rts-api/v1/ast/multiple-script-data 200 93 - 6.804 ms
POST /rts-api/v1/ast/multiple-script-data 200 138 - 7.977 ms
POST /rts-api/v1/ast/multiple-script-data 200 120 - 4.595 ms
POST /rts-api/v1/ast/multiple-script-data 200 158 - 4.901 ms
POST /rts-api/v1/ast/multiple-script-data 200 138 - 4.600 ms
POST /rts-api/v1/ast/multiple-script-data 200 138 - 20.778 ms
POST /rts-api/v1/ast/multiple-script-data 200 138 - 2.836 ms
POST /rts-api/v1/ast/multiple-script-data 200 104 - 7.869 ms
POST /rts-api/v1/ast/multiple-script-data 200 122 - 6.952 ms
POST /rts-api/v1/ast/multiple-script-data 200 138 - 4.288 ms
POST /rts-api/v1/ast/multiple-script-data 200 130 - 7.197 ms
POST /rts-api/v1/ast/multiple-script-data 200 119 - 3.400 ms
POST /rts-api/v1/ast/multiple-script-data 200 121 - 2.948 ms
POST /rts-api/v1/ast/multiple-script-data 200 130 - 22.871 ms
POST /rts-api/v1/ast/multiple-script-data 200 121 - 3.715 ms
POST /rts-api/v1/ast/multiple-script-data 200 120 - 4.386 ms
POST /rts-api/v1/ast/multiple-script-data 200 120 - 12.580 ms
POST /rts-api/v1/ast/multiple-script-data 200 138 - 10.088 ms
POST /rts-api/v1/ast/multiple-script-data 200 122 - 8.417 ms
POST /rts-api/v1/ast/multiple-script-data 200 126 - 6.629 ms
POST /rts-api/v1/ast/multiple-script-data 200 108 - 6.564 ms
POST /rts-api/v1/ast/multiple-script-data 200 108 - 2.143 ms
POST /rts-api/v1/ast/multiple-script-data 200 108 - 3.691 ms
POST /rts-api/v1/ast/multiple-script-data 200 106 - 7.424 ms
POST /rts-api/v1/ast/multiple-script-data 200 138 - 9.341 ms
POST /rts-api/v1/ast/multiple-script-data 200 121 - 4.496 ms
POST /rts-api/v1/ast/multiple-script-data 200 121 - 9.085 ms
POST /rts-api/v1/ast/multiple-script-data 200 102 - 13.639 ms
POST /rts-api/v1/ast/multiple-script-data 200 104 - 4.759 ms
POST /rts-api/v1/ast/multiple-script-data 200 138 - 4.857 ms
POST /rts-api/v1/ast/multiple-script-data 200 157 - 6.591 ms
POST /rts-api/v1/ast/multiple-script-data 200 120 - 7.055 ms
POST /rts-api/v1/ast/multiple-script-data 200 138 - 7.872 ms
POST /rts-api/v1/ast/multiple-script-data 200 138 - 11.646 ms
POST /rts-api/v1/ast/multiple-script-data 200 138 - 5.460 ms
POST /rts-api/v1/ast/multiple-script-data 200 126 - 4.888 ms
POST /rts-api/v1/ast/multiple-script-data 200 119 - 2.660 ms
POST /rts-api/v1/ast/multiple-script-data 200 138 - 3.914 ms
POST /rts-api/v1/ast/multiple-script-data 200 138 - 1.726 ms
POST /rts-api/v1/ast/multiple-script-data 200 93 - 8.109 ms
POST /rts-api/v1/ast/multiple-script-data 200 120 - 2.686 ms
POST /rts-api/v1/ast/multiple-script-data 200 138 - 4.214 ms
POST /rts-api/v1/ast/multiple-script-data 200 158 - 1.236 ms
POST /rts-api/v1/ast/multiple-script-data 200 138 - 2.496 ms
POST /rts-api/v1/ast/multiple-script-data 200 138 - 2.267 ms
POST /rts-api/v1/ast/multiple-script-data 200 138 - 2.063 ms
POST /rts-api/v1/ast/multiple-script-data 200 104 - 3.197 ms
POST /rts-api/v1/ast/multiple-script-data 200 138 - 2.519 ms
POST /rts-api/v1/ast/multiple-script-data 200 122 - 5.510 ms
POST /rts-api/v1/ast/multiple-script-data 200 130 - 7.294 ms
POST /rts-api/v1/ast/multiple-script-data 200 121 - 1.526 ms
POST /rts-api/v1/ast/multiple-script-data 200 119 - 1.264 ms
POST /rts-api/v1/ast/multiple-script-data 200 130 - 1.270 ms
POST /rts-api/v1/ast/multiple-script-data 200 121 - 5.077 ms
POST /rts-api/v1/ast/multiple-script-data 200 120 - 3.657 ms
POST /rts-api/v1/ast/multiple-script-data 200 138 - 0.995 ms
POST /rts-api/v1/ast/multiple-script-data 200 120 - 2.695 ms
POST /rts-api/v1/ast/multiple-script-data 200 122 - 3.642 ms
POST /rts-api/v1/ast/multiple-script-data 200 126 - 2.577 ms
POST /rts-api/v1/ast/multiple-script-data 200 106 - 1.589 ms
POST /rts-api/v1/ast/multiple-script-data 200 138 - 4.749 ms
POST /rts-api/v1/ast/multiple-script-data 200 121 - 3.986 ms
POST /rts-api/v1/ast/multiple-script-data 200 121 - 1.068 ms
POST /rts-api/v1/ast/multiple-script-data 200 102 - 1.576 ms
POST /rts-api/v1/ast/multiple-script-data 200 104 - 5.550 ms
POST /rts-api/v1/ast/multiple-script-data 200 138 - 1.911 ms
POST /rts-api/v1/ast/multiple-script-data 200 157 - 1.352 ms
POST /rts-api/v1/ast/multiple-script-data 200 120 - 2.421 ms
POST /rts-api/v1/ast/multiple-script-data 200 138 - 3.618 ms
POST /rts-api/v1/ast/multiple-script-data 200 138 - 3.652 ms
POST /rts-api/v1/ast/multiple-script-data 200 138 - 5.551 ms
POST /rts-api/v1/ast/multiple-script-data 200 138 - 8.742 ms
POST /rts-api/v1/ast/multiple-script-data 200 138 - 3.292 ms
POST /rts-api/v1/ast/multiple-script-data 200 126 - 4.375 ms
POST /rts-api/v1/ast/multiple-script-data 200 138 - 4.710 ms
POST /rts-api/v1/ast/multiple-script-data 200 93 - 9.986 ms
POST /rts-api/v1/ast/multiple-script-data 200 120 - 8.796 ms
POST /rts-api/v1/ast/multiple-script-data 200 119 - 8.093 ms
POST /rts-api/v1/ast/multiple-script-data 200 158 - 5.706 ms
POST /rts-api/v1/ast/multiple-script-data 200 138 - 2.954 ms
POST /rts-api/v1/ast/multiple-script-data 200 138 - 2.659 ms
POST /rts-api/v1/ast/multiple-script-data 200 138 - 3.437 ms
POST /rts-api/v1/ast/multiple-script-data 200 104 - 2.432 ms
POST /rts-api/v1/ast/multiple-script-data 200 138 - 4.347 ms
POST /rts-api/v1/ast/multiple-script-data 200 122 - 6.921 ms
POST /rts-api/v1/ast/multiple-script-data 200 130 - 4.913 ms
POST /rts-api/v1/ast/multiple-script-data 200 121 - 3.457 ms
POST /rts-api/v1/ast/multiple-script-data 200 119 - 13.214 ms
POST /rts-api/v1/ast/multiple-script-data 200 121 - 7.091 ms
POST /rts-api/v1/ast/multiple-script-data 200 120 - 8.483 ms
POST /rts-api/v1/ast/multiple-script-data 200 130 - 4.605 ms
POST /rts-api/v1/ast/multiple-script-data 200 120 - 2.943 ms
POST /rts-api/v1/ast/multiple-script-data 200 138 - 12.853 ms
POST /rts-api/v1/ast/multiple-script-data 200 126 - 14.021 ms
POST /rts-api/v1/ast/multiple-script-data 200 122 - 1.949 ms
POST /rts-api/v1/ast/multiple-script-data 200 108 - 4.167 ms
POST /rts-api/v1/ast/multiple-script-data 200 108 - 4.317 ms
POST /rts-api/v1/ast/multiple-script-data 200 108 - 3.482 ms
POST /rts-api/v1/ast/multiple-script-data 200 106 - 3.442 ms
POST /rts-api/v1/ast/multiple-script-data 200 138 - 4.001 ms
POST /rts-api/v1/ast/multiple-script-data 200 121 - 6.007 ms
POST /rts-api/v1/ast/multiple-script-data 200 121 - 2.400 ms
POST /rts-api/v1/ast/multiple-script-data 200 102 - 9.903 ms
POST /rts-api/v1/ast/multiple-script-data 200 104 - 9.300 ms
POST /rts-api/v1/ast/multiple-script-data 200 138 - 2.165 ms
POST /rts-api/v1/ast/multiple-script-data 200 157 - 3.897 ms
POST /rts-api/v1/ast/multiple-script-data 200 120 - 3.836 ms
POST /rts-api/v1/ast/multiple-script-data 200 138 - 3.978 ms
POST /rts-api/v1/ast/multiple-script-data 200 138 - 7.235 ms
POST /rts-api/v1/ast/multiple-script-data 200 138 - 2.366 ms
POST /rts-api/v1/ast/multiple-script-data 200 138 - 2.962 ms
POST /rts-api/v1/ast/multiple-script-data 200 138 - 3.025 ms
POST /rts-api/v1/ast/multiple-script-data 200 126 - 10.710 ms
POST /rts-api/v1/ast/multiple-script-data 200 93 - 5.407 ms
POST /rts-api/v1/ast/multiple-script-data 200 119 - 4.733 ms
POST /rts-api/v1/ast/multiple-script-data 200 120 - 7.212 ms
POST /rts-api/v1/ast/multiple-script-data 200 138 - 3.929 ms
POST /rts-api/v1/ast/multiple-script-data 200 158 - 3.029 ms
POST /rts-api/v1/ast/multiple-script-data 200 138 - 7.305 ms
POST /rts-api/v1/ast/multiple-script-data 200 138 - 3.538 ms
POST /rts-api/v1/ast/multiple-script-data 200 138 - 4.193 ms
POST /rts-api/v1/ast/multiple-script-data 200 104 - 2.793 ms
POST /rts-api/v1/ast/multiple-script-data 200 138 - 2.951 ms
POST /rts-api/v1/ast/multiple-script-data 200 122 - 4.323 ms
POST /rts-api/v1/ast/multiple-script-data 200 130 - 2.601 ms
POST /rts-api/v1/ast/multiple-script-data 200 121 - 2.217 ms
POST /rts-api/v1/ast/multiple-script-data 200 119 - 7.236 ms
POST /rts-api/v1/ast/multiple-script-data 200 130 - 5.072 ms
POST /rts-api/v1/ast/multiple-script-data 200 120 - 8.366 ms
POST /rts-api/v1/ast/multiple-script-data 200 120 - 3.058 ms
POST /rts-api/v1/ast/multiple-script-data 200 126 - 4.825 ms
POST /rts-api/v1/ast/multiple-script-data 200 121 - 2.717 ms
POST /rts-api/v1/ast/multiple-script-data 200 122 - 5.176 ms
POST /rts-api/v1/ast/multiple-script-data 200 138 - 1.683 ms
GET / 302 33 - 0.542 ms
POST /rts-api/v1/ast/multiple-script-data 200 106 - 1.496 ms
POST /rts-api/v1/ast/multiple-script-data 200 138 - 3.626 ms
POST /rts-api/v1/ast/multiple-script-data 200 121 - 11.188 ms
POST /rts-api/v1/ast/multiple-script-data 200 121 - 3.825 ms
POST /rts-api/v1/ast/multiple-script-data 200 104 - 1.987 ms
POST /rts-api/v1/ast/multiple-script-data 200 102 - 1.993 ms
POST /rts-api/v1/ast/multiple-script-data 200 138 - 1.862 ms
POST /rts-api/v1/ast/multiple-script-data 200 157 - 3.798 ms
POST /rts-api/v1/ast/multiple-script-data 200 120 - 3.814 ms
POST /rts-api/v1/ast/multiple-script-data 200 138 - 14.185 ms
POST /rts-api/v1/ast/multiple-script-data 200 138 - 3.182 ms
POST /rts-api/v1/ast/multiple-script-data 200 138 - 2.476 ms
POST /rts-api/v1/ast/multiple-script-data 200 138 - 5.388 ms
POST /rts-api/v1/ast/multiple-script-data 200 138 - 2.093 ms
POST /rts-api/v1/ast/multiple-script-data 200 126 - 2.480 ms
POST /rts-api/v1/ast/multiple-script-data 200 119 - 2.760 ms
POST /rts-api/v1/ast/multiple-script-data 200 158 - 9.298 ms
POST /rts-api/v1/ast/multiple-script-data 200 138 - 1.743 ms
POST /rts-api/v1/ast/multiple-script-data 200 93 - 7.345 ms
POST /rts-api/v1/ast/multiple-script-data 200 138 - 1.979 ms
POST /rts-api/v1/ast/multiple-script-data 200 104 - 3.450 ms
POST /rts-api/v1/ast/multiple-script-data 200 120 - 2.062 ms
POST /rts-api/v1/ast/multiple-script-data 200 138 - 5.803 ms
POST /rts-api/v1/ast/multiple-script-data 200 138 - 0.963 ms
POST /rts-api/v1/ast/multiple-script-data 200 130 - 2.764 ms
POST /rts-api/v1/ast/multiple-script-data 200 119 - 3.924 ms
POST /rts-api/v1/ast/multiple-script-data 200 130 - 6.122 ms
POST /rts-api/v1/ast/multiple-script-data 200 121 - 4.948 ms
POST /rts-api/v1/ast/multiple-script-data 200 121 - 8.523 ms
POST /rts-api/v1/ast/multiple-script-data 200 138 - 2.949 ms
POST /rts-api/v1/ast/multiple-script-data 200 122 - 5.294 ms
POST /rts-api/v1/ast/multiple-script-data 200 120 - 8.745 ms
POST /rts-api/v1/ast/multiple-script-data 200 120 - 23.355 ms
POST /rts-api/v1/ast/multiple-script-data 200 138 - 2.083 ms
POST /rts-api/v1/ast/multiple-script-data 200 126 - 1.810 ms
POST /rts-api/v1/ast/multiple-script-data 200 122 - 3.011 ms
POST /rts-api/v1/ast/multiple-script-data 200 108 - 2.201 ms
POST /rts-api/v1/ast/multiple-script-data 200 108 - 3.928 ms
POST /rts-api/v1/ast/multiple-script-data 200 108 - 2.740 ms
POST /rts-api/v1/ast/multiple-script-data 200 106 - 3.248 ms
POST /rts-api/v1/ast/multiple-script-data 200 138 - 3.522 ms
POST /rts-api/v1/ast/multiple-script-data 200 121 - 3.339 ms
POST /rts-api/v1/ast/multiple-script-data 200 121 - 4.569 ms
POST /rts-api/v1/ast/multiple-script-data 200 104 - 7.116 ms
POST /rts-api/v1/ast/multiple-script-data 200 102 - 2.665 ms
POST /rts-api/v1/ast/multiple-script-data 200 157 - 3.637 ms
POST /rts-api/v1/ast/multiple-script-data 200 138 - 26.695 ms
POST /rts-api/v1/ast/multiple-script-data 200 120 - 5.900 ms
POST /rts-api/v1/ast/multiple-script-data 200 138 - 8.267 ms
POST /rts-api/v1/ast/multiple-script-data 200 138 - 7.076 ms
POST /rts-api/v1/ast/multiple-script-data 200 138 - 3.415 ms
POST /rts-api/v1/ast/multiple-script-data 200 138 - 14.648 ms
POST /rts-api/v1/ast/multiple-script-data 200 138 - 1.471 ms
POST /rts-api/v1/ast/multiple-script-data 200 126 - 2.351 ms
POST /rts-api/v1/ast/multiple-script-data 200 119 - 3.559 ms
POST /rts-api/v1/ast/multiple-script-data 200 93 - 1.983 ms
POST /rts-api/v1/ast/multiple-script-data 200 120 - 1.426 ms
POST /rts-api/v1/ast/multiple-script-data 200 138 - 3.012 ms
POST /rts-api/v1/ast/multiple-script-data 200 158 - 4.042 ms
POST /rts-api/v1/ast/multiple-script-data 200 138 - 4.598 ms
POST /rts-api/v1/ast/multiple-script-data 200 138 - 7.461 ms
POST /rts-api/v1/ast/multiple-script-data 200 138 - 2.788 ms
POST /rts-api/v1/ast/multiple-script-data 200 104 - 1.542 ms
POST /rts-api/v1/ast/multiple-script-data 200 138 - 1.496 ms
POST /rts-api/v1/ast/multiple-script-data 200 122 - 0.998 ms
POST /rts-api/v1/ast/multiple-script-data 200 130 - 1.146 ms
POST /rts-api/v1/ast/multiple-script-data 200 121 - 1.433 ms
POST /rts-api/v1/ast/multiple-script-data 200 119 - 6.230 ms
POST /rts-api/v1/ast/multiple-script-data 200 121 - 1.429 ms
POST /rts-api/v1/ast/multiple-script-data 200 130 - 1.899 ms
POST /rts-api/v1/ast/multiple-script-data 200 120 - 1.139 ms
POST /rts-api/v1/ast/multiple-script-data 200 120 - 2.765 ms
POST /rts-api/v1/ast/multiple-script-data 200 138 - 0.920 ms
POST /rts-api/v1/ast/multiple-script-data 200 126 - 2.063 ms
POST /rts-api/v1/ast/multiple-script-data 200 122 - 1.253 ms
POST /rts-api/v1/ast/multiple-script-data 200 106 - 4.879 ms
POST /rts-api/v1/ast/multiple-script-data 200 138 - 5.124 ms
POST /rts-api/v1/ast/multiple-script-data 200 121 - 7.035 ms
POST /rts-api/v1/ast/multiple-script-data 200 121 - 6.762 ms
POST /rts-api/v1/ast/multiple-script-data 200 102 - 3.902 ms
POST /rts-api/v1/ast/multiple-script-data 200 157 - 2.844 ms
POST /rts-api/v1/ast/multiple-script-data 200 104 - 3.631 ms
POST /rts-api/v1/ast/multiple-script-data 200 138 - 25.534 ms
POST /rts-api/v1/ast/multiple-script-data 200 120 - 4.714 ms
POST /rts-api/v1/ast/multiple-script-data 200 138 - 3.676 ms
POST /rts-api/v1/ast/multiple-script-data 200 138 - 6.061 ms
POST /rts-api/v1/ast/multiple-script-data 200 126 - 2.248 ms
POST /rts-api/v1/ast/multiple-script-data 200 120 - 4.119 ms
POST /rts-api/v1/ast/multiple-script-data 200 138 - 2.313 ms
POST /rts-api/v1/ast/multiple-script-data 200 138 - 12.930 ms
POST /rts-api/v1/ast/multiple-script-data 200 138 - 2.391 ms
POST /rts-api/v1/ast/multiple-script-data 200 104 - 8.814 ms
POST /rts-api/v1/ast/multiple-script-data 200 138 - 2.128 ms
POST /rts-api/v1/ast/multiple-script-data 200 130 - 2.001 ms
POST /rts-api/v1/ast/multiple-script-data 200 138 - 1.455 ms
POST /rts-api/v1/ast/multiple-script-data 200 138 - 7.406 ms
POST /rts-api/v1/ast/multiple-script-data 200 138 - 5.211 ms
POST /rts-api/v1/ast/multiple-script-data 200 119 - 3.597 ms
POST /rts-api/v1/ast/multiple-script-data 200 93 - 4.401 ms
POST /rts-api/v1/ast/multiple-script-data 200 158 - 2.787 ms
POST /rts-api/v1/ast/multiple-script-data 200 138 - 5.647 ms
POST /rts-api/v1/ast/multiple-script-data 200 138 - 30.309 ms
POST /rts-api/v1/ast/multiple-script-data 200 122 - 15.033 ms
POST /rts-api/v1/ast/multiple-script-data 200 130 - 18.170 ms
POST /rts-api/v1/ast/multiple-script-data 200 121 - 2.598 ms
POST /rts-api/v1/ast/multiple-script-data 200 119 - 3.309 ms
POST /rts-api/v1/ast/multiple-script-data 200 108 - 23.575 ms
POST /rts-api/v1/ast/multiple-script-data 200 120 - 10.582 ms
POST /rts-api/v1/ast/multiple-script-data 200 121 - 26.185 ms
POST /rts-api/v1/ast/multiple-script-data 200 126 - 19.971 ms
POST /rts-api/v1/ast/multiple-script-data 200 120 - 11.413 ms
POST /rts-api/v1/ast/multiple-script-data 200 122 - 4.905 ms
POST /rts-api/v1/ast/multiple-script-data 200 108 - 10.427 ms
POST /rts-api/v1/ast/multiple-script-data 200 108 - 1.251 ms
POST /rts-api/v1/ast/multiple-script-data 200 106 - 2.505 ms
POST /rts-api/v1/ast/multiple-script-data 200 138 - 5.358 ms
POST /rts-api/v1/ast/multiple-script-data 200 121 - 11.754 ms
POST /rts-api/v1/ast/multiple-script-data 200 121 - 1.775 ms
POST /rts-api/v1/ast/multiple-script-data 200 102 - 1.835 ms
POST /rts-api/v1/ast/multiple-script-data 200 138 - 10.663 ms
POST /rts-api/v1/ast/multiple-script-data 200 157 - 4.887 ms
POST /rts-api/v1/ast/multiple-script-data 200 104 - 6.377 ms
POST /rts-api/v1/ast/multiple-script-data 200 120 - 1.738 ms
POST /rts-api/v1/ast/multiple-script-data 200 138 - 8.444 ms
POST /rts-api/v1/ast/multiple-script-data 200 138 - 1.864 ms
POST /rts-api/v1/ast/multiple-script-data 200 138 - 1.316 ms
POST /rts-api/v1/ast/multiple-script-data 200 138 - 2.118 ms
POST /rts-api/v1/ast/multiple-script-data 200 122 - 10.629 ms
POST /rts-api/v1/ast/multiple-script-data 200 130 - 6.128 ms
POST /rts-api/v1/ast/multiple-script-data 200 119 - 3.912 ms
POST /rts-api/v1/ast/multiple-script-data 200 120 - 1.434 ms
POST /rts-api/v1/ast/multiple-script-data 200 120 - 2.616 ms
POST /rts-api/v1/ast/multiple-script-data 200 138 - 3.858 ms
POST /rts-api/v1/ast/multiple-script-data 200 119 - 2.548 ms
POST /rts-api/v1/ast/multiple-script-data 200 126 - 2.034 ms
POST /rts-api/v1/ast/multiple-script-data 200 93 - 5.056 ms
POST /rts-api/v1/ast/multiple-script-data 200 138 - 3.022 ms
POST /rts-api/v1/ast/multiple-script-data 200 120 - 1.162 ms
POST /rts-api/v1/ast/multiple-script-data 200 158 - 4.753 ms
POST /rts-api/v1/ast/multiple-script-data 200 138 - 3.026 ms
POST /rts-api/v1/ast/multiple-script-data 200 138 - 3.300 ms
POST /rts-api/v1/ast/multiple-script-data 200 138 - 2.298 ms
POST /rts-api/v1/ast/multiple-script-data 200 104 - 3.723 ms
POST /rts-api/v1/ast/multiple-script-data 200 138 - 4.200 ms
POST /rts-api/v1/ast/multiple-script-data 200 121 - 3.166 ms
POST /rts-api/v1/ast/multiple-script-data 200 130 - 2.499 ms
POST /rts-api/v1/ast/multiple-script-data 200 121 - 4.640 ms
POST /rts-api/v1/ast/multiple-script-data 200 138 - 3.105 ms
POST /rts-api/v1/ast/multiple-script-data 200 126 - 5.725 ms
POST /rts-api/v1/ast/multiple-script-data 200 122 - 3.502 ms
GET / 302 33 - 1.774 ms
GET / 302 33 - 0.347 ms
ns:/# socket l3QYj_NxLsM1aevdAAAE left the room app:639954c7b194073323d2207a
ns:/page/edit # socket asd0sSIpuipR5rJoAAAF left the room page:639954c7b194073323d2208c
GET / 302 33 - 0.617 ms
GET / 302 33 - 0.385 ms
GET / 302 33 - 0.488 ms
GET / 302 33 - 0.442 ms
GET / 302 33 - 0.525 ms
GET / 302 33 - 0.484 ms
GET / 302 33 - 0.405 ms
GET / 302 33 - 0.632 ms
GET / 302 33 - 0.634 ms
GET / 302 33 - 0.638 ms
GET / 302 33 - 0.501 ms
GET / 302 33 - 0.562 ms
GET / 302 33 - 0.764 ms
GET / 302 33 - 0.949 ms
GET / 302 33 - 2.522 ms
GET / 302 33 - 0.832 ms
GET / 302 33 - 0.555 ms
GET / 302 33 - 0.402 ms
Load environment configuration
(node:1368) Warning: Accessing non-existent property 'MongoError' of module exports inside circular dependency
(Use `node --trace-warnings ...` to show where the warning was created)
RTS version v1.8.12 running at http://localhost:8091
GET / 302 33 - 21.014 ms
Watching MongoDB
GET / 302 33 - 2.058 ms
GET /rts-api/v1/health-check 200 16 - 3.440 ms
GET / 302 33 - 0.681 ms
GET / 302 33 - 0.747 ms
GET / 302 33 - 0.608 ms
GET / 302 33 - 0.563 ms
GET / 302 33 - 0.626 ms
GET / 302 33 - 3.799 ms
GET / 302 33 - 1.057 ms
GET / 302 33 - 0.773 ms
GET / 302 33 - 0.543 ms
GET / 302 33 - 0.612 ms
GET / 302 33 - 2.234 ms
GET / 302 33 - 0.742 ms
GET / 302 33 - 0.709 ms
GET / 302 33 - 0.880 ms
GET / 302 33 - 1.069 ms
GET / 302 33 - 0.894 ms
GET / 302 33 - 0.778 ms
GET / 302 33 - 0.770 ms
GET / 302 33 - 0.842 ms
GET / 302 33 - 1.025 ms
GET / 302 33 - 0.472 ms
GET / 302 33 - 0.697 ms
GET / 302 33 - 0.680 ms
GET / 302 33 - 0.472 ms
GET / 302 33 - 0.581 ms
GET / 302 33 - 0.807 ms
GET / 302 33 - 0.451 ms
GET / 302 33 - 0.549 ms
GET / 302 33 - 28.609 ms
GET / 302 33 - 0.878 ms
GET / 302 33 - 0.669 ms
GET / 302 33 - 0.548 ms
GET / 302 33 - 0.876 ms
GET / 302 33 - 0.561 ms
GET / 302 33 - 1.229 ms
GET / 302 33 - 0.404 ms
GET / 302 33 - 0.594 ms
GET / 302 33 - 0.666 ms
GET / 302 33 - 0.735 ms
GET / 302 33 - 0.613 ms
GET / 302 33 - 1.239 ms
GET / 302 33 - 1.316 ms
GET / 302 33 - 0.549 ms
GET / 302 33 - 0.676 ms
GET / 302 33 - 1.377 ms
GET / 302 33 - 0.736 ms
GET / 302 33 - 1.101 ms
GET / 302 33 - 0.425 ms
GET / 302 33 - 0.465 ms
GET / 302 33 - 12.355 ms
GET / 302 33 - 0.587 ms
GET / 302 33 - 0.583 ms
GET / 302 33 - 1.115 ms
GET / 302 33 - 0.670 ms
GET / 302 33 - 0.577 ms
GET / 302 33 - 0.962 ms
GET / 302 33 - 0.660 ms
GET / 302 33 - 0.981 ms
GET / 302 33 - 0.450 ms
GET / 302 33 - 0.960 ms
GET / 302 33 - 4.024 ms
GET / 302 33 - 0.689 ms
GET / 302 33 - 2.465 ms
GET / 302 33 - 0.616 ms
GET / 302 33 - 0.666 ms
GET / 302 33 - 0.438 ms
GET / 302 33 - 0.807 ms
GET / 302 33 - 2.065 ms
GET / 302 33 - 0.499 ms
GET / 302 33 - 0.552 ms
GET / 302 33 - 0.759 ms
GET / 302 33 - 0.919 ms
GET / 302 33 - 0.547 ms
GET / 302 33 - 0.574 ms
GET / 302 33 - 0.548 ms
GET / 302 33 - 1.455 ms
GET / 302 33 - 0.843 ms
GET / 302 33 - 0.620 ms
GET / 302 33 - 0.734 ms
GET / 302 33 - 1.007 ms
GET / 302 33 - 0.778 ms
GET / 302 33 - 0.647 ms
GET / 302 33 - 0.444 ms
GET / 302 33 - 0.727 ms
GET / 302 33 - 0.727 ms
GET / 302 33 - 0.664 ms
GET / 302 33 - 0.701 ms
GET / 302 33 - 0.651 ms
GET / 302 33 - 0.871 ms
GET / 302 33 - 0.904 ms
GET / 302 33 - 0.499 ms
GET / 302 33 - 0.775 ms
GET / 302 33 - 0.670 ms
GET / 302 33 - 0.686 ms
GET / 302 33 - 0.632 ms
GET / 302 33 - 0.603 ms
GET / 302 33 - 0.764 ms
GET / 302 33 - 0.514 ms
GET / 302 33 - 0.700 ms
GET / 302 33 - 0.703 ms
GET / 302 33 - 0.569 ms
GET / 302 33 - 2.120 ms
GET / 302 33 - 0.429 ms
GET / 302 33 - 0.569 ms
GET / 302 33 - 0.652 ms
GET / 302 33 - 0.940 ms
GET / 302 33 - 4.775 ms
GET / 302 33 - 0.875 ms
GET / 302 33 - 0.570 ms
GET / 302 33 - 0.664 ms
GET / 302 33 - 0.974 ms
GET / 302 33 - 1.086 ms
GET / 302 33 - 0.552 ms
GET / 302 33 - 0.558 ms
GET / 302 33 - 0.753 ms
GET / 302 33 - 0.789 ms
GET / 302 33 - 0.545 ms
GET / 302 33 - 1.240 ms
GET / 302 33 - 3.186 ms
GET / 302 33 - 0.839 ms
GET / 302 33 - 0.539 ms
GET / 302 33 - 0.908 ms
GET / 302 33 - 0.653 ms
GET / 302 33 - 0.605 ms
GET / 302 33 - 1.276 ms
GET / 302 33 - 0.988 ms
GET / 302 33 - 0.639 ms
GET / 302 33 - 0.483 ms
GET / 302 33 - 0.823 ms
GET / 302 33 - 0.794 ms
GET / 302 33 - 0.639 ms
GET / 302 33 - 0.825 ms
GET / 302 33 - 0.615 ms
GET / 302 33 - 0.676 ms
GET / 302 33 - 0.548 ms
GET / 302 33 - 0.769 ms
GET / 302 33 - 0.564 ms
GET / 302 33 - 0.550 ms
GET / 302 33 - 0.641 ms
GET / 302 33 - 1.615 ms
GET / 302 33 - 2.654 ms
GET / 302 33 - 0.717 ms
GET / 302 33 - 0.747 ms
GET / 302 33 - 0.455 ms
GET / 302 33 - 0.743 ms
GET / 302 33 - 0.749 ms
GET / 302 33 - 1.487 ms
GET / 302 33 - 0.772 ms
GET / 302 33 - 0.590 ms
GET / 302 33 - 0.640 ms
GET / 302 33 - 0.804 ms
GET / 302 33 - 0.616 ms
GET / 302 33 - 0.757 ms
GET / 302 33 - 0.604 ms
GET / 302 33 - 0.577 ms
GET / 302 33 - 1.324 ms
GET / 302 33 - 0.627 ms
GET / 302 33 - 1.115 ms
GET / 302 33 - 0.603 ms
GET / 302 33 - 0.575 ms
GET / 302 33 - 0.453 ms
GET / 302 33 - 0.693 ms
GET / 302 33 - 0.669 ms
GET / 302 33 - 0.591 ms
GET / 302 33 - 0.743 ms
GET / 302 33 - 0.606 ms
GET / 302 33 - 0.608 ms
GET / 302 33 - 0.725 ms
GET / 302 33 - 4.924 ms
GET / 302 33 - 0.578 ms
GET / 302 33 - 0.537 ms
GET / 302 33 - 1.690 ms
GET / 302 33 - 3.028 ms
GET / 302 33 - 1.838 ms
GET / 302 33 - 0.425 ms
GET / 302 33 - 1.125 ms
GET / 302 33 - 0.642 ms
GET / 302 33 - 0.576 ms
GET / 302 33 - 0.817 ms
GET / 302 33 - 1.130 ms
GET / 302 33 - 1.135 ms
GET / 302 33 - 0.542 ms
GET / 302 33 - 1.521 ms
GET / 302 33 - 0.869 ms
GET / 302 33 - 0.837 ms
GET / 302 33 - 0.544 ms
GET / 302 33 - 0.686 ms
GET / 302 33 - 0.888 ms
GET / 302 33 - 0.905 ms
GET / 302 33 - 0.891 ms
GET / 302 33 - 0.859 ms
GET / 302 33 - 1.920 ms
GET / 302 33 - 0.590 ms
GET / 302 33 - 0.607 ms
GET / 302 33 - 0.674 ms
GET / 302 33 - 0.599 ms
GET / 302 33 - 0.534 ms
GET / 302 33 - 0.596 ms
GET / 302 33 - 0.617 ms
GET / 302 33 - 0.618 ms
GET / 302 33 - 0.555 ms
GET / 302 33 - 0.742 ms
GET / 302 33 - 0.793 ms
GET / 302 33 - 0.787 ms
GET / 302 33 - 0.713 ms
GET / 302 33 - 0.755 ms
GET / 302 33 - 1.132 ms
GET / 302 33 - 0.541 ms
GET / 302 33 - 0.803 ms
GET / 302 33 - 0.967 ms
GET / 302 33 - 2.527 ms
GET / 302 33 - 1.100 ms
GET / 302 33 - 0.810 ms
GET / 302 33 - 1.351 ms
GET / 302 33 - 0.534 ms
GET / 302 33 - 2.151 ms
GET / 302 33 - 0.610 ms
GET / 302 33 - 0.683 ms
GET / 302 33 - 0.827 ms
GET / 302 33 - 1.116 ms
GET / 302 33 - 4.114 ms
GET / 302 33 - 0.626 ms
GET / 302 33 - 0.755 ms
GET / 302 33 - 0.710 ms
GET / 302 33 - 0.873 ms
GET / 302 33 - 0.579 ms
GET / 302 33 - 0.449 ms
GET / 302 33 - 0.737 ms
GET / 302 33 - 0.862 ms
GET / 302 33 - 0.700 ms
GET / 302 33 - 0.688 ms
GET / 302 33 - 0.559 ms
GET / 302 33 - 0.723 ms
GET / 302 33 - 0.590 ms
GET / 302 33 - 0.618 ms
GET / 302 33 - 0.845 ms
GET / 302 33 - 1.040 ms
GET / 302 33 - 0.650 ms
GET / 302 33 - 0.427 ms
GET / 302 33 - 0.705 ms
GET / 302 33 - 0.647 ms
GET / 302 33 - 0.816 ms
GET / 302 33 - 2.705 ms
GET / 302 33 - 0.572 ms
GET / 302 33 - 5.370 ms
GET / 302 33 - 0.973 ms
GET / 302 33 - 0.921 ms
GET / 302 33 - 0.754 ms
GET / 302 33 - 2.549 ms
GET / 302 33 - 0.947 ms
GET / 302 33 - 0.636 ms
GET / 302 33 - 0.421 ms
GET / 302 33 - 0.481 ms
GET / 302 33 - 0.630 ms
GET / 302 33 - 0.650 ms
GET / 302 33 - 0.655 ms
GET / 302 33 - 0.809 ms
GET / 302 33 - 0.894 ms
GET / 302 33 - 0.744 ms
GET / 302 33 - 0.697 ms
GET / 302 33 - 2.155 ms
GET / 302 33 - 1.217 ms
GET / 302 33 - 0.727 ms
GET / 302 33 - 0.657 ms
GET / 302 33 - 0.703 ms
GET / 302 33 - 0.529 ms
GET / 302 33 - 0.625 ms
GET / 302 33 - 0.670 ms
GET / 302 33 - 0.515 ms
GET / 302 33 - 0.583 ms
GET / 302 33 - 0.415 ms
GET / 302 33 - 0.513 ms
GET / 302 33 - 0.593 ms
