Load environment configuration
(node:1523) Warning: Accessing non-existent property 'MongoError' of module exports inside circular dependency
(Use `node --trace-warnings ...` to show where the warning was created)
RTS version v1.8.12 running at http://localhost:8091
Watching MongoDB
GET / 302 33 - 5.617 ms
GET /rts-api/v1/health-check 200 16 - 3.253 ms
GET / 302 33 - 2.377 ms
GET / 302 33 - 0.618 ms
GET / 302 33 - 0.580 ms
GET / 302 33 - 0.562 ms
ns:/page/edit# socket xdoZ7XLZYcFsAAZdAAAI joined the room page:63970ba1ad091f39c9f17b34
ns:/# socket 6KWz0INulvhPjxxhAAAH joined the room app:63970ba1ad091f39c9f17b31
ns:/# socket 6KWz0INulvhPjxxhAAAH left the room app:63970ba1ad091f39c9f17b31
ns:/# socket 6KWz0INulvhPjxxhAAAH joined the room app:63970ba1ad091f39c9f17b31
GET / 302 33 - 0.509 ms
ns:/# socket 6KWz0INulvhPjxxhAAAH left the room app:63970ba1ad091f39c9f17b31
ns:/page/edit # socket xdoZ7XLZYcFsAAZdAAAI left the room page:63970ba1ad091f39c9f17b34
GET / 302 33 - 0.509 ms
GET / 302 33 - 0.495 ms
GET / 302 33 - 0.496 ms
GET / 302 33 - 0.554 ms
GET / 302 33 - 0.486 ms
GET / 302 33 - 0.483 ms
GET / 302 33 - 0.672 ms
GET / 302 33 - 0.523 ms
GET / 302 33 - 0.450 ms
GET / 302 33 - 0.558 ms
GET / 302 33 - 0.500 ms
ns:/page/edit# socket xdoZ7XLZYcFsAAZdAAAI joined the room page:63970c2cad091f39c9f17b4b
ns:/# socket 6KWz0INulvhPjxxhAAAH joined the room app:63970c2cad091f39c9f17b37
ns:/# socket 6KWz0INulvhPjxxhAAAH left the room app:63970c2cad091f39c9f17b37
ns:/# socket 6KWz0INulvhPjxxhAAAH joined the room app:63970c2cad091f39c9f17b37
GET / 302 33 - 1.213 ms
GET / 302 33 - 0.390 ms
GET / 302 33 - 0.688 ms
GET / 302 33 - 0.585 ms
GET / 302 33 - 0.427 ms
GET / 302 33 - 0.588 ms
GET / 302 33 - 0.492 ms
GET / 302 33 - 0.491 ms
GET / 302 33 - 0.531 ms
GET / 302 33 - 0.440 ms
GET / 302 33 - 0.442 ms
GET / 302 33 - 0.414 ms
GET / 302 33 - 0.526 ms
GET / 302 33 - 0.540 ms
GET / 302 33 - 0.487 ms
GET / 302 33 - 0.413 ms
GET / 302 33 - 0.528 ms
GET / 302 33 - 0.520 ms
GET / 302 33 - 0.763 ms
GET / 302 33 - 0.497 ms
GET / 302 33 - 0.376 ms
GET / 302 33 - 0.534 ms
GET / 302 33 - 0.384 ms
GET / 302 33 - 0.544 ms
GET / 302 33 - 0.609 ms
GET / 302 33 - 0.675 ms
GET / 302 33 - 0.539 ms
GET / 302 33 - 0.507 ms
GET / 302 33 - 0.367 ms
GET / 302 33 - 0.434 ms
GET / 302 33 - 0.484 ms
GET / 302 33 - 0.461 ms
GET / 302 33 - 0.521 ms
GET / 302 33 - 0.569 ms
GET / 302 33 - 0.860 ms
GET / 302 33 - 0.461 ms
GET / 302 33 - 0.602 ms
GET / 302 33 - 0.368 ms
GET / 302 33 - 0.441 ms
GET / 302 33 - 0.359 ms
GET / 302 33 - 0.533 ms
GET / 302 33 - 6.021 ms
GET / 302 33 - 0.455 ms
GET / 302 33 - 0.377 ms
GET / 302 33 - 0.365 ms
GET / 302 33 - 0.484 ms
GET / 302 33 - 0.564 ms
GET / 302 33 - 0.526 ms
GET / 302 33 - 0.369 ms
GET / 302 33 - 0.472 ms
ns:/# socket 6KWz0INulvhPjxxhAAAH left the room app:63970c2cad091f39c9f17b37
ns:/page/edit # socket xdoZ7XLZYcFsAAZdAAAI left the room page:63970c2cad091f39c9f17b4b
GET / 302 33 - 0.443 ms
ns:/# socket 1hWerbIJxSe-mnLZAAAQ joined the room app:63970c2cad091f39c9f17b37
GET / 302 33 - 0.466 ms
GET / 302 33 - 0.996 ms
