+ http_conf=/opt/appsmith/templates/nginx-app-http.conf.template.sh
+ https_conf=/opt/appsmith/templates/nginx-app-https.conf.template.sh
+ ssl_conf_path=/appsmith-stacks/data/certificate/conf
+ APP_TEMPLATE=/opt/appsmith/templates/nginx-app-http.conf.template.sh
+ mkdir -pv /appsmith-stacks/data/certificate/conf
+ cat
+ cat
+ [[ -z 'self' * ]]
+ export 'APPSMITH_ALLOWED_FRAME_ANCESTORS='\''self'\'' *'
+ APPSMITH_ALLOWED_FRAME_ANCESTORS=''\''self'\'' *'
+ [[ -z false ]]
+ [[ -n '' ]]
+ bash /opt/appsmith/templates/nginx-app-http.conf.template.sh ''
+ index_html_served=/opt/appsmith/editor/index.html
+ index_html_original=/opt/appsmith/index.html.original
+ [[ ! -f /opt/appsmith/index.html.original ]]
+ cp -v /opt/appsmith/editor/index.html /opt/appsmith/index.html.original
+ node -e '
const fs = require("fs")
const content = fs.readFileSync("/opt/appsmith/index.html.original", "utf8").replace(
  /\b__(APPSMITH_[A-Z0-9_]+)__\b/g,
  (placeholder, name) => (process.env[name] || "")
)
fs.writeFileSync("/opt/appsmith/editor/index.html", content)
'
+ exec nginx -g 'daemon off;error_log stderr info;'
2022/12/12 11:06:52 [notice] 1526#1526: using the "epoll" event method
2022/12/12 11:06:52 [notice] 1526#1526: nginx/1.18.0 (Ubuntu)
2022/12/12 11:06:52 [notice] 1526#1526: OS: Linux 5.15.49-linuxkit
2022/12/12 11:06:52 [notice] 1526#1526: getrlimit(RLIMIT_NOFILE): 1048576:1048576
2022/12/12 11:06:52 [notice] 1526#1526: start worker processes
2022/12/12 11:06:52 [notice] 1526#1526: start worker process 1568
2022/12/12 11:06:52 [notice] 1526#1526: start worker process 1569
2022/12/12 11:06:52 [notice] 1526#1526: start worker process 1570
2022/12/12 11:06:52 [notice] 1526#1526: start worker process 1571
2022/12/12 11:06:52 [notice] 1526#1526: start worker process 1572
2022/12/12 11:06:52 [notice] 1526#1526: start worker process 1573
2022/12/12 11:25:08 [notice] 1526#1526: signal 3 (SIGQUIT) received from 1, shutting down
2022/12/12 11:25:08 [notice] 1568#1568: gracefully shutting down
2022/12/12 11:25:08 [notice] 1569#1569: gracefully shutting down
2022/12/12 11:25:08 [notice] 1569#1569: exiting
2022/12/12 11:25:08 [notice] 1571#1571: gracefully shutting down
2022/12/12 11:25:08 [notice] 1571#1571: exiting
2022/12/12 11:25:08 [notice] 1572#1572: gracefully shutting down
2022/12/12 11:25:08 [notice] 1572#1572: exiting
2022/12/12 11:25:08 [notice] 1570#1570: gracefully shutting down
2022/12/12 11:25:08 [notice] 1570#1570: exiting
2022/12/12 11:25:08 [notice] 1573#1573: gracefully shutting down
2022/12/12 11:25:08 [notice] 1573#1573: exiting
2022/12/12 11:25:08 [notice] 1573#1573: exit
2022/12/12 11:25:08 [notice] 1570#1570: exit
2022/12/12 11:25:08 [notice] 1572#1572: exit
2022/12/12 11:25:08 [notice] 1569#1569: exit
2022/12/12 11:25:08 [notice] 1526#1526: signal 17 (SIGCHLD) received from 1573
2022/12/12 11:25:08 [notice] 1526#1526: worker process 1573 exited with code 0
2022/12/12 11:25:08 [notice] 1526#1526: signal 29 (SIGIO) received
2022/12/12 11:25:08 [notice] 1571#1571: exit
2022/12/12 11:25:08 [notice] 1526#1526: signal 17 (SIGCHLD) received from 1570
2022/12/12 11:25:08 [notice] 1526#1526: worker process 1570 exited with code 0
2022/12/12 11:25:08 [notice] 1526#1526: worker process 1571 exited with code 0
2022/12/12 11:25:08 [notice] 1526#1526: signal 29 (SIGIO) received
2022/12/12 11:25:08 [notice] 1526#1526: signal 17 (SIGCHLD) received from 1572
2022/12/12 11:25:08 [notice] 1526#1526: worker process 1572 exited with code 0
2022/12/12 11:25:08 [notice] 1526#1526: signal 29 (SIGIO) received
2022/12/12 11:25:08 [notice] 1526#1526: signal 17 (SIGCHLD) received from 1569
2022/12/12 11:25:08 [notice] 1526#1526: worker process 1569 exited with code 0
2022/12/12 11:25:08 [notice] 1526#1526: signal 29 (SIGIO) received
